INFO: 2021/01/10 11:50:39 /home/jaegdi/devel/go/image-tools/ocrequest/helper.go:41: {
   "Cluster": "cid",
   "Token": "",
   "Family": "pkp",
   "Json": false,
   "Yaml": false,
   "Csv": false,
   "CsvFile": "",
   "Delete": true,
   "Html": false,
   "Table": false,
   "TabGroup": false,
   "Output": {
      "Is": false,
      "Istag": false,
      "Image": false,
      "Used": false,
      "All": false
   },
   "Filter": {
      "Isname": "hybris",
      "Istagname": "",
      "Tagname": "",
      "Imagename": "",
      "Namespace": ""
   },
   "DeleteOpts": {
      "Pattern": "",
      "MinAge": 0,
      "NonBuild": false,
      "Snapshots": false,
      "PruneImages": false,
      "Confirm": false
   },
   "Options": {
      "OcClient": false,
      "NoProxy": false,
      "Socks5Proxy": "",
      "Profiler": false,
      "NoLog": false,
      "Debug": false
   }
}

INFO: 2021/01/10 11:50:39 /home/jaegdi/devel/go/image-tools/ocrequest/helper.go:41: ------------------------------------------------------------
INFO: 2021/01/10 11:50:39 /home/jaegdi/devel/go/image-tools/ocrequest/helper.go:41: Starting execution of image-tools
INFO: 2021/01/10 11:50:39 /home/jaegdi/devel/go/image-tools/ocrequest/helper.go:41: disable proxy: false
INFO: 2021/01/10 11:50:39 /home/jaegdi/devel/go/image-tools/ocrequest/helper.go:41: Multithreading: true
INFO: 2021/01/10 11:50:39 /home/jaegdi/devel/go/image-tools/ocrequest/helper.go:41: Allocate and start JobsAppNamespaces
INFO: 2021/01/10 11:50:39 /home/jaegdi/devel/go/image-tools/ocrequest/helper.go:41: Create Worker Pool AppNamespaces
INFO: 2021/01/10 11:50:39 /home/jaegdi/devel/go/image-tools/ocrequest/helper.go:41: Allocate and start JobsExistingImages
INFO: 2021/01/10 11:50:39 /home/jaegdi/devel/go/image-tools/ocrequest/helper.go:41: Create Worker Pool for Existing Images
INFO: 2021/01/10 11:50:39 /home/jaegdi/devel/go/image-tools/ocrequest/helper.go:41: Start JobAppNamespaces for clustercid
INFO: 2021/01/10 11:50:39 /home/jaegdi/devel/go/image-tools/ocrequest/helper.go:41: Start JobAppNamespaces for clusterint
INFO: 2021/01/10 11:50:39 /home/jaegdi/devel/go/image-tools/ocrequest/helper.go:41: Start JobAppNamespaces for clusterppr
INFO: 2021/01/10 11:50:39 /home/jaegdi/devel/go/image-tools/ocrequest/helper.go:41: Start JobAppNamespaces for clusterpro
INFO: 2021/01/10 11:50:39 /home/jaegdi/devel/go/image-tools/ocrequest/helper.go:41: close jobsAppNamespaces
INFO: 2021/01/10 11:50:39 /home/jaegdi/devel/go/image-tools/ocrequest/helper.go:41: Start JobExistingImages for clustercid
INFO: 2021/01/10 11:50:39 /home/jaegdi/devel/go/image-tools/ocrequest/helper.go:41: Start JobExistingImages for clusterint
INFO: 2021/01/10 11:50:39 /home/jaegdi/devel/go/image-tools/ocrequest/helper.go:41: Start JobExistingImages for clusterppr
INFO: 2021/01/10 11:50:39 /home/jaegdi/devel/go/image-tools/ocrequest/helper.go:41: Start JobExistingImages for clusterpro
INFO: 2021/01/10 11:50:39 /home/jaegdi/devel/go/image-tools/ocrequest/helper.go:41: close jobsExistingImages
INFO: 2021/01/10 11:50:39 /home/jaegdi/devel/go/image-tools/ocrequest/helper.go:41: Collect results
INFO: 2021/01/10 11:50:39 /home/jaegdi/devel/go/image-tools/ocrequest/helper.go:41: Allocate and start JobsUsedIstags
INFO: 2021/01/10 11:50:39 /home/jaegdi/devel/go/image-tools/ocrequest/helper.go:41: Create Worker Pool
INFO: 2021/01/10 11:50:39 /home/jaegdi/devel/go/image-tools/ocrequest/helper.go:41: Start JobUsedIstags for clustercid
INFO: 2021/01/10 11:50:39 /home/jaegdi/devel/go/image-tools/ocrequest/helper.go:41: Start job for cluster cid in namespace images-pkp
INFO: 2021/01/10 11:50:39 /home/jaegdi/devel/go/image-tools/ocrequest/helper.go:41: Start job for cluster cid in namespace jenkins-pkp
INFO: 2021/01/10 11:50:39 /home/jaegdi/devel/go/image-tools/ocrequest/helper.go:41: Start job for cluster cid in namespace pkp-dashboard
INFO: 2021/01/10 11:50:39 /home/jaegdi/devel/go/image-tools/ocrequest/helper.go:41: Start job for cluster cid in namespace pkp-inttest-develop
INFO: 2021/01/10 11:50:39 /home/jaegdi/devel/go/image-tools/ocrequest/helper.go:41: Start job for cluster cid in namespace pkp-inttest-release304
INFO: 2021/01/10 11:50:39 /home/jaegdi/devel/go/image-tools/ocrequest/helper.go:41: Start job for cluster cid in namespace pkp-jaegdi
INFO: 2021/01/10 11:50:39 /home/jaegdi/devel/go/image-tools/ocrequest/helper.go:41: Start job for cluster cid in namespace pkp-kafka-auth
INFO: 2021/01/10 11:50:39 /home/jaegdi/devel/go/image-tools/ocrequest/helper.go:41: Start job for cluster cid in namespace pkp-kafka-operator
INFO: 2021/01/10 11:50:39 /home/jaegdi/devel/go/image-tools/ocrequest/helper.go:41: Start job for cluster cid in namespace pkp-kafka-pkpd
INFO: 2021/01/10 11:50:39 /home/jaegdi/devel/go/image-tools/ocrequest/helper.go:41: Start job for cluster cid in namespace pkp-kafka-pkps
INFO: 2021/01/10 11:50:39 /home/jaegdi/devel/go/image-tools/ocrequest/helper.go:41: Start job for cluster cid in namespace pkp-migration
INFO: 2021/01/10 11:50:39 /home/jaegdi/devel/go/image-tools/ocrequest/helper.go:41: Start job for cluster cid in namespace pkp-rabeba
INFO: 2021/01/10 11:50:39 /home/jaegdi/devel/go/image-tools/ocrequest/helper.go:41: Start job for cluster cid in namespace pkp-rainbow-drei
INFO: 2021/01/10 11:50:39 /home/jaegdi/devel/go/image-tools/ocrequest/helper.go:41: Start job for cluster cid in namespace pkp-rainbow-eins
INFO: 2021/01/10 11:50:39 /home/jaegdi/devel/go/image-tools/ocrequest/helper.go:41: Start job for cluster cid in namespace pkp-rainbow-zwei
INFO: 2021/01/10 11:50:39 /home/jaegdi/devel/go/image-tools/ocrequest/helper.go:41: Start job for cluster cid in namespace pkp-route-test
INFO: 2021/01/10 11:50:39 /home/jaegdi/devel/go/image-tools/ocrequest/helper.go:41: Start job for cluster cid in namespace pkp-unicorn
INFO: 2021/01/10 11:50:39 /home/jaegdi/devel/go/image-tools/ocrequest/helper.go:41: Start job for cluster cid in namespace pkp-unicorn-drei
INFO: 2021/01/10 11:50:39 /home/jaegdi/devel/go/image-tools/ocrequest/helper.go:41: Start job for cluster cid in namespace pkp-unicorn-zwei
INFO: 2021/01/10 11:50:39 /home/jaegdi/devel/go/image-tools/ocrequest/helper.go:41: Start JobUsedIstags for clusterint
INFO: 2021/01/10 11:50:39 /home/jaegdi/devel/go/image-tools/ocrequest/helper.go:41: Start job for cluster int in namespace images-pkp
INFO: 2021/01/10 11:50:39 /home/jaegdi/devel/go/image-tools/ocrequest/helper.go:41: Start job for cluster int in namespace pkp-dashboard
INFO: 2021/01/10 11:50:39 /home/jaegdi/devel/go/image-tools/ocrequest/helper.go:41: Start job for cluster int in namespace pkp-demo1-auth
INFO: 2021/01/10 11:50:39 /home/jaegdi/devel/go/image-tools/ocrequest/helper.go:41: Start job for cluster int in namespace pkp-demo1-pkpd
INFO: 2021/01/10 11:50:39 /home/jaegdi/devel/go/image-tools/ocrequest/helper.go:41: Start job for cluster int in namespace pkp-demo1-pkps
INFO: 2021/01/10 11:50:39 /home/jaegdi/devel/go/image-tools/ocrequest/helper.go:41: Start job for cluster int in namespace pkp-fb-pks1
INFO: 2021/01/10 11:50:39 /home/jaegdi/devel/go/image-tools/ocrequest/helper.go:41: Start job for cluster int in namespace pkp-fb-pm1
INFO: 2021/01/10 11:50:39 /home/jaegdi/devel/go/image-tools/ocrequest/helper.go:41: Start job for cluster int in namespace pkp-int-upg1-auth
INFO: 2021/01/10 11:50:39 /home/jaegdi/devel/go/image-tools/ocrequest/helper.go:41: Start job for cluster int in namespace pkp-int-upg1-pkpd
INFO: 2021/01/10 11:50:39 /home/jaegdi/devel/go/image-tools/ocrequest/helper.go:41: Start job for cluster int in namespace pkp-int-upg1-pkps
INFO: 2021/01/10 11:50:39 /home/jaegdi/devel/go/image-tools/ocrequest/helper.go:41: Start job for cluster int in namespace pkp-kafka-operator
INFO: 2021/01/10 11:50:39 /home/jaegdi/devel/go/image-tools/ocrequest/helper.go:41: Start job for cluster int in namespace pkp-my-ns
INFO: 2021/01/10 11:50:39 /home/jaegdi/devel/go/image-tools/ocrequest/helper.go:41: Start job for cluster int in namespace pkp-qs-fa3-auth
INFO: 2021/01/10 11:50:39 /home/jaegdi/devel/go/image-tools/ocrequest/helper.go:41: Start job for cluster int in namespace pkp-qs-fa3-pkpd
INFO: 2021/01/10 11:50:39 /home/jaegdi/devel/go/image-tools/ocrequest/helper.go:41: Start job for cluster int in namespace pkp-qs-fa3-pkps
INFO: 2021/01/10 11:50:39 /home/jaegdi/devel/go/image-tools/ocrequest/helper.go:41: Start job for cluster int in namespace pkp-qs-fa4-auth
INFO: 2021/01/10 11:50:39 /home/jaegdi/devel/go/image-tools/ocrequest/helper.go:41: Start job for cluster int in namespace pkp-qs-fa4-pkpd
INFO: 2021/01/10 11:50:39 /home/jaegdi/devel/go/image-tools/ocrequest/helper.go:41: Start job for cluster int in namespace pkp-qs-fa4-pkps
INFO: 2021/01/10 11:50:39 /home/jaegdi/devel/go/image-tools/ocrequest/helper.go:41: Start job for cluster int in namespace pkp-qs-mig1-auth
INFO: 2021/01/10 11:50:39 /home/jaegdi/devel/go/image-tools/ocrequest/helper.go:41: Start job for cluster int in namespace pkp-qs-mig1-crmpk
INFO: 2021/01/10 11:50:39 /home/jaegdi/devel/go/image-tools/ocrequest/helper.go:41: Start job for cluster int in namespace pkp-qs-mig1-pkpd
INFO: 2021/01/10 11:50:39 /home/jaegdi/devel/go/image-tools/ocrequest/helper.go:41: Start job for cluster int in namespace pkp-rabeba
INFO: 2021/01/10 11:50:39 /home/jaegdi/devel/go/image-tools/ocrequest/helper.go:41: Start JobUsedIstags for clusterppr
INFO: 2021/01/10 11:50:39 /home/jaegdi/devel/go/image-tools/ocrequest/helper.go:41: Start job for cluster ppr in namespace images-pkp
INFO: 2021/01/10 11:50:39 /home/jaegdi/devel/go/image-tools/ocrequest/helper.go:41: Start job for cluster ppr in namespace pkp-auth
INFO: 2021/01/10 11:50:39 /home/jaegdi/devel/go/image-tools/ocrequest/helper.go:41: Start job for cluster ppr in namespace pkp-jaegdi
INFO: 2021/01/10 11:50:39 /home/jaegdi/devel/go/image-tools/ocrequest/helper.go:41: Start job for cluster ppr in namespace pkp-kafka-operator
INFO: 2021/01/10 11:50:39 /home/jaegdi/devel/go/image-tools/ocrequest/helper.go:41: Start job for cluster ppr in namespace pkp-pkpd
INFO: 2021/01/10 11:50:39 /home/jaegdi/devel/go/image-tools/ocrequest/helper.go:41: Start JobUsedIstags for clusterpro
INFO: 2021/01/10 11:50:39 /home/jaegdi/devel/go/image-tools/ocrequest/helper.go:41: Start job for cluster pro in namespace images-pkp
INFO: 2021/01/10 11:50:39 /home/jaegdi/devel/go/image-tools/ocrequest/helper.go:41: Start job for cluster pro in namespace pkp-kafka-operator
INFO: 2021/01/10 11:50:39 /home/jaegdi/devel/go/image-tools/ocrequest/helper.go:41: Start job for cluster pro in namespace pro-pkp-auth
INFO: 2021/01/10 11:50:39 /home/jaegdi/devel/go/image-tools/ocrequest/helper.go:41: Start job for cluster pro in namespace pro-pkp-pkpd
INFO: 2021/01/10 11:50:39 /home/jaegdi/devel/go/image-tools/ocrequest/helper.go:41: Start job for cluster pro in namespace vpt-pkp-auth
INFO: 2021/01/10 11:50:39 /home/jaegdi/devel/go/image-tools/ocrequest/helper.go:41: Start job for cluster pro in namespace vpt-pkp-pkpd
INFO: 2021/01/10 11:50:39 /home/jaegdi/devel/go/image-tools/ocrequest/helper.go:41: close jobsUsedIstags
INFO: 2021/01/10 11:50:42 /home/jaegdi/devel/go/image-tools/ocrequest/helper.go:41: Collect results
INFO: 2021/01/10 11:50:44 /home/jaegdi/devel/go/image-tools/ocrequest/helper.go:41: Collect results for existing images
INFO: 2021/01/10 11:50:44 /home/jaegdi/devel/go/image-tools/ocrequest/helper.go:41: Allocate and start JobsExistingIstags
INFO: 2021/01/10 11:50:44 /home/jaegdi/devel/go/image-tools/ocrequest/helper.go:41: Create Worker Pool
INFO: 2021/01/10 11:50:44 /home/jaegdi/devel/go/image-tools/ocrequest/helper.go:41: Start JobExistingIstags for clustercid
INFO: 2021/01/10 11:50:44 /home/jaegdi/devel/go/image-tools/ocrequest/helper.go:41: Start job for cluster cid in namespace ms-jenkins
INFO: 2021/01/10 11:50:44 /home/jaegdi/devel/go/image-tools/ocrequest/helper.go:41: Start job for cluster cid in namespace openshift
INFO: 2021/01/10 11:50:44 /home/jaegdi/devel/go/image-tools/ocrequest/helper.go:41: Start job for cluster cid in namespace images-pkp
INFO: 2021/01/10 11:50:44 /home/jaegdi/devel/go/image-tools/ocrequest/helper.go:41: Start JobExistingIstags for clusterint
INFO: 2021/01/10 11:50:44 /home/jaegdi/devel/go/image-tools/ocrequest/helper.go:41: Start job for cluster int in namespace images-pkp
INFO: 2021/01/10 11:50:44 /home/jaegdi/devel/go/image-tools/ocrequest/helper.go:41: Start JobExistingIstags for clusterppr
INFO: 2021/01/10 11:50:44 /home/jaegdi/devel/go/image-tools/ocrequest/helper.go:41: Start job for cluster ppr in namespace images-pkp
INFO: 2021/01/10 11:50:44 /home/jaegdi/devel/go/image-tools/ocrequest/helper.go:41: Start JobExistingIstags for clusterpro
INFO: 2021/01/10 11:50:44 /home/jaegdi/devel/go/image-tools/ocrequest/helper.go:41: Start job for cluster pro in namespace images-pkp
INFO: 2021/01/10 11:50:44 /home/jaegdi/devel/go/image-tools/ocrequest/helper.go:41: close jobsExistingIstags
INFO: 2021/01/10 11:50:45 /home/jaegdi/devel/go/image-tools/ocrequest/helper.go:41: Collect results
